0 info it worked if it ends with ok
1 verbose cli [ '/usr/local/bin/node',
1 verbose cli   '/usr/local/bin/npm',
1 verbose cli   'install',
1 verbose cli   '-g',
1 verbose cli   'n' ]
2 info using npm@1.3.11
3 info using node@v0.10.20
4 verbose cache add [ 'n', null ]
5 verbose cache add name=undefined spec="n" args=["n",null]
6 verbose parsed url { protocol: null,
6 verbose parsed url   slashes: null,
6 verbose parsed url   auth: null,
6 verbose parsed url   host: null,
6 verbose parsed url   port: null,
6 verbose parsed url   hostname: null,
6 verbose parsed url   hash: null,
6 verbose parsed url   search: null,
6 verbose parsed url   query: null,
6 verbose parsed url   pathname: 'n',
6 verbose parsed url   path: 'n',
6 verbose parsed url   href: 'n' }
7 silly lockFile d1854cae-n n
8 verbose lock n /Users/mattnull/.npm/d1854cae-n.lock
9 silly lockFile d1854cae-n n
10 silly lockFile d1854cae-n n
11 verbose addNamed [ 'n', '' ]
12 verbose addNamed [ null, '*' ]
13 silly lockFile 6b58d7dc-n n@
14 verbose lock n@ /Users/mattnull/.npm/6b58d7dc-n.lock
15 silly addNameRange { name: 'n', range: '*', hasData: false }
16 verbose registry.get n not expired, no request
17 silly addNameRange number 2 { name: 'n', range: '*', hasData: true }
18 silly addNameRange versions [ 'n',
18 silly addNameRange   [ '0.0.1',
18 silly addNameRange     '0.0.2',
18 silly addNameRange     '0.0.3',
18 silly addNameRange     '0.0.4',
18 silly addNameRange     '0.1.0',
18 silly addNameRange     '0.1.1',
18 silly addNameRange     '0.1.2',
18 silly addNameRange     '0.2.0',
18 silly addNameRange     '0.2.1',
18 silly addNameRange     '0.2.2',
18 silly addNameRange     '0.3.0',
18 silly addNameRange     '0.4.0',
18 silly addNameRange     '0.4.1',
18 silly addNameRange     '0.4.2',
18 silly addNameRange     '0.5.0',
18 silly addNameRange     '0.5.1',
18 silly addNameRange     '0.5.2',
18 silly addNameRange     '0.5.3',
18 silly addNameRange     '0.5.4',
18 silly addNameRange     '0.6.0',
18 silly addNameRange     '0.6.1',
18 silly addNameRange     '0.7.0',
18 silly addNameRange     '0.7.1',
18 silly addNameRange     '0.7.2',
18 silly addNameRange     '0.7.3',
18 silly addNameRange     '0.8.0',
18 silly addNameRange     '0.8.1',
18 silly addNameRange     '0.8.2',
18 silly addNameRange     '0.9.0',
18 silly addNameRange     '0.9.1',
18 silly addNameRange     '0.9.2',
18 silly addNameRange     '0.9.3',
18 silly addNameRange     '1.0.0',
18 silly addNameRange     '1.1.0' ] ]
19 verbose addNamed [ 'n', '1.1.0' ]
20 verbose addNamed [ '1.1.0', '1.1.0' ]
21 silly lockFile 9f2a0569-n-1-1-0 n@1.1.0
22 verbose lock n@1.1.0 /Users/mattnull/.npm/9f2a0569-n-1-1-0.lock
23 silly lockFile 9f2a0569-n-1-1-0 n@1.1.0
24 silly lockFile 9f2a0569-n-1-1-0 n@1.1.0
25 silly lockFile 6b58d7dc-n n@
26 silly lockFile 6b58d7dc-n n@
27 silly resolved [ { name: 'n',
27 silly resolved     description: 'node version manager',
27 silly resolved     version: '1.1.0',
27 silly resolved     author: { name: 'TJ Holowaychuk', email: 'tj@vision-media.ca' },
27 silly resolved     homepage: 'https://github.com/visionmedia/n',
27 silly resolved     bugs: { url: 'https://github.com/visionmedia/n/issues' },
27 silly resolved     keywords: [ 'node', 'binary', 'version', 'env' ],
27 silly resolved     bin: { n: './bin/n' },
27 silly resolved     repository: { type: 'git', url: 'git://github.com/visionmedia/n.git' },
27 silly resolved     engines: { node: '*' },
27 silly resolved     license: 'MIT',
27 silly resolved     readme: '# n\n\nSimple flavour of node binary management, no subshells, no profile setup, no convoluted api, just _simple_.\n\n## Installation\n\n    $ npm install -g n\n\nor\n\n    $ make install\n\n### Installing Binaries\n\nInstall a few nodes:\n\n    $ n 0.8.14\n    $ n 0.8.17\n    $ n 0.9.6\n\nType `n` to prompt selection of an installed node. Use the up /\ndown arrow to navigate, and press enter or the right arrow to\nselect, or ^C to cancel:\n\n    $ n\n\n      0.8.14\n    ο 0.8.17\n      0.9.6\n\nPass some config flags to _./configure_:\n\n    $ n 0.2.6 --debug\n\nList installed binaries, config flags are shown:\n\n      0.2.3\n    ο 0.2.6 --debug\n      0.3.4\n      0.3.5\n\nUse or install the latest official release:\n\n    $ n latest\n\nUse or install the stable official release:\n\n    $ n stable\n\nSwitch to the previous version you were using:\n\n    $ n prev\n\n### Removing Binaries\n\nRemove some versions:\n\n    $ n rm 0.2.4 v0.3.0\n\nInstead of using `rm` we can simply use `-`:\n\n    $ n - 0.2.4\n\n### Binary Usage\n\nWhen running multiple versions of node, we can target\nthem directly by asking `n` for the binary path:\n\n    $ n bin 0.3.3\n    /usr/local/n/versions/0.3.3/bin/node\n\nOr by using a specific version through `n`\'s `use` sub-command:\n\n    $ n use 0.3.3 some.js\n\nwith flags:\n\n    $ n as 0.3.3 --debug some.js\n\n## Usage\n\n Output from `n --help`:\n\n    Usage: n [options] [COMMAND] [config]\n\n    Commands:\n\n      n                            Output versions installed\n      n latest [config ...]        Install or activate the latest node release\n      n stable [config ...]        Install or activate the latest stable node release\n      n <version> [config ...]     Install and/or use node <version>\n      n use <version> [args ...]   Execute node <version> with [args ...]\n      n bin <version>              Output bin path for <version>\n      n rm <version ...>           Remove the given version(s)\n      n --latest                   Output the latest node version available\n      n --stable                   Output the latest stable node version available\n      n ls                         Output the versions of node available\n\n    Options:\n\n      -V, --version   Output current version of n\n      -h, --help      Display help information\n\n    Aliases:\n\n      which   bin\n      use     as\n      list    ls\n      -       rm\n\n## Details\n\n `n` by default installs node to _/usr/local/n/versions_, from\n which it can see what you have currently installed, and activate previously installed versions of node when `n <version>` is invoked again.\n\n Activated nodes are then installed to the prefix _/usr/local_, which of course may be altered via the __N_PREFIX__ environment variable.\n\n To alter where `n` operates simply export __N_PREFIX__ to whatever you prefer.\n\n## License\n\n(The MIT License)\n\nCopyright (c) 2010 TJ Holowaychuk &lt;tj@vision-media.ca&gt;\n\nPermission is hereby granted, free of charge, to any person obtaining\na copy of this software and associated documentation files (the\n\'Software\'), to deal in the Software without restriction, including\nwithout limitation the rights to use, copy, modify, merge, publish,\ndistribute, sublicense, and/or sell copies of the Software, and to\npermit persons to whom the Software is furnished to do so, subject to\nthe following conditions:\n\nThe above copyright notice and this permission notice shall be\nincluded in all copies or substantial portions of the Software.\n\nTHE SOFTWARE IS PROVIDED \'AS IS\', WITHOUT WARRANTY OF ANY KIND,\nEXPRESS OR IMPLIED, INCLUDING BUT NOT LIMITED TO THE WARRANTIES OF\nMERCHANTABILITY, FITNESS FOR A PARTICULAR PURPOSE AND NONINFRINGEMENT.\nIN NO EVENT SHALL THE AUTHORS OR COPYRIGHT HOLDERS BE LIABLE FOR ANY\nCLAIM, DAMAGES OR OTHER LIABILITY, WHETHER IN AN ACTION OF CONTRACT,\nTORT OR OTHERWISE, ARISING FROM, OUT OF OR IN CONNECTION WITH THE\nSOFTWARE OR THE USE OR OTHER DEALINGS IN THE SOFTWARE.\n',
27 silly resolved     readmeFilename: 'Readme.md',
27 silly resolved     _id: 'n@1.1.0',
27 silly resolved     _from: 'n@' } ]
28 info install n@1.1.0 into /usr/local/lib
29 info installOne n@1.1.0
30 info /usr/local/lib/node_modules/n unbuild
31 info preuninstall n@1.1.0
32 info uninstall n@1.1.0
33 verbose true,/usr/local/lib/node_modules,/usr/local/lib/node_modules unbuild n@1.1.0
34 verbose /usr/local/bin,[object Object] binRoot
35 info postuninstall n@1.1.0
36 verbose tar unpack /Users/mattnull/.npm/n/1.1.0/package.tgz
37 silly lockFile 9a5950d7-tar-usr-local-lib-node-modules-n tar:///usr/local/lib/node_modules/n
38 verbose lock tar:///usr/local/lib/node_modules/n /Users/mattnull/.npm/9a5950d7-tar-usr-local-lib-node-modules-n.lock
39 silly lockFile b5be6dbc-mattnull-npm-n-1-1-0-package-tgz tar:///Users/mattnull/.npm/n/1.1.0/package.tgz
40 verbose lock tar:///Users/mattnull/.npm/n/1.1.0/package.tgz /Users/mattnull/.npm/b5be6dbc-mattnull-npm-n-1-1-0-package-tgz.lock
41 silly gunzTarPerm modes [ '755', '644' ]
42 silly gunzTarPerm extractEntry package.json
43 silly gunzTarPerm extractEntry History.md
44 silly gunzTarPerm extractEntry Makefile
45 silly gunzTarPerm extractEntry Readme.md
46 silly gunzTarPerm extractEntry bin/n
47 silly lockFile 9a5950d7-tar-usr-local-lib-node-modules-n tar:///usr/local/lib/node_modules/n
48 silly lockFile 9a5950d7-tar-usr-local-lib-node-modules-n tar:///usr/local/lib/node_modules/n
49 silly lockFile b5be6dbc-mattnull-npm-n-1-1-0-package-tgz tar:///Users/mattnull/.npm/n/1.1.0/package.tgz
50 silly lockFile b5be6dbc-mattnull-npm-n-1-1-0-package-tgz tar:///Users/mattnull/.npm/n/1.1.0/package.tgz
51 info preinstall n@1.1.0
52 verbose readDependencies using package.json deps
53 verbose readDependencies using package.json deps
54 silly resolved []
55 verbose about to build /usr/local/lib/node_modules/n
56 info build /usr/local/lib/node_modules/n
57 verbose linkStuff [ true,
57 verbose linkStuff   '/usr/local/lib/node_modules',
57 verbose linkStuff   true,
57 verbose linkStuff   '/usr/local/lib/node_modules' ]
58 info linkStuff n@1.1.0
59 verbose linkBins n@1.1.0
60 verbose link bins [ { n: './bin/n' }, '/usr/local/bin', true ]
61 verbose linkMans n@1.1.0
62 verbose rebuildBundles n@1.1.0
63 info install n@1.1.0
64 info postinstall n@1.1.0
65 warn unmet dependency /usr/local/lib/node_modules/jitsu/node_modules/request/node_modules/form-data requires mime@'1.2.2' but will load
65 warn unmet dependency /usr/local/lib/node_modules/jitsu/node_modules/request/node_modules/mime,
65 warn unmet dependency which is version 1.2.7
66 error peerinvalid The package flatiron does not satisfy its siblings' peerDependencies requirements!
66 error peerinvalid Peer flatiron-cli-config@0.1.3 wants flatiron@~0.1.9
66 error peerinvalid Peer flatiron-cli-users@0.1.1 wants flatiron@~0.1.9
67 error System Darwin 12.5.0
68 error command "/usr/local/bin/node" "/usr/local/bin/npm" "install" "-g" "n"
69 error cwd /Users/mattnull/Dropbox/Projects/RefactorU/student-sample-code/lectures-and-demos/10-17 handlebars
70 error node -v v0.10.20
71 error npm -v 1.3.11
72 error code EPEERINVALID
73 verbose exit [ 1, true ]
